Determining if the Q_WS_WIN exist failed with the following output:
Change Dir: /home/smith/Work/base-lsd-slam/lsd_slam_core/cmake/CMakeFiles/CMakeTmp

Run Build Command:"/usr/bin/make" "cmTryCompileExec2037513495/fast"
/usr/bin/make -f CMakeFiles/cmTryCompileExec2037513495.dir/build.make CMakeFiles/cmTryCompileExec2037513495.dir/build
make[1]: Entering directory '/home/smith/Work/base-lsd-slam/lsd_slam_core/cmake/CMakeFiles/CMakeTmp'
/usr/bin/cmake -E cmake_progress_report /home/smith/Work/base-lsd-slam/lsd_slam_core/cmake/CMakeFiles/CMakeTmp/CMakeFiles 1
Building CXX object CMakeFiles/cmTryCompileExec2037513495.dir/CheckSymbolExists.cxx.o
/usr/bin/c++    -I/usr/include/qt4    -o CMakeFiles/cmTryCompileExec2037513495.dir/CheckSymbolExists.cxx.o -c /home/smith/Work/base-lsd-slam/lsd_slam_core/cmake/CMakeFiles/CMakeTmp/CheckSymbolExists.cxx
/home/smith/Work/base-lsd-slam/lsd_slam_core/cmake/CMakeFiles/CMakeTmp/CheckSymbolExists.cxx: In function ‘int main(int, char**)’:
/home/smith/Work/base-lsd-slam/lsd_slam_core/cmake/CMakeFiles/CMakeTmp/CheckSymbolExists.cxx:8:19: error: ‘Q_WS_WIN’ was not declared in this scope
   return ((int*)(&Q_WS_WIN))[argc];
                   ^
CMakeFiles/cmTryCompileExec2037513495.dir/build.make:57: recipe for target 'CMakeFiles/cmTryCompileExec2037513495.dir/CheckSymbolExists.cxx.o' failed
make[1]: *** [CMakeFiles/cmTryCompileExec2037513495.dir/CheckSymbolExists.cxx.o] Error 1
make[1]: Leaving directory '/home/smith/Work/base-lsd-slam/lsd_slam_core/cmake/CMakeFiles/CMakeTmp'
Makefile:118: recipe for target 'cmTryCompileExec2037513495/fast' failed
make: *** [cmTryCompileExec2037513495/fast] Error 2

File /home/smith/Work/base-lsd-slam/lsd_slam_core/cmake/CMakeFiles/CMakeTmp/CheckSymbolExists.cxx:
/* */
#include <QtCore/qglobal.h>

int main(int argc, char** argv)
{
  (void)argv;
#ifndef Q_WS_WIN
  return ((int*)(&Q_WS_WIN))[argc];
#else
  (void)argc;
  return 0;
#endif
}

Determining if the Q_WS_QWS exist failed with the following output:
Change Dir: /home/smith/Work/base-lsd-slam/lsd_slam_core/cmake/CMakeFiles/CMakeTmp

Run Build Command:"/usr/bin/make" "cmTryCompileExec1677223241/fast"
/usr/bin/make -f CMakeFiles/cmTryCompileExec1677223241.dir/build.make CMakeFiles/cmTryCompileExec1677223241.dir/build
make[1]: Entering directory '/home/smith/Work/base-lsd-slam/lsd_slam_core/cmake/CMakeFiles/CMakeTmp'
/usr/bin/cmake -E cmake_progress_report /home/smith/Work/base-lsd-slam/lsd_slam_core/cmake/CMakeFiles/CMakeTmp/CMakeFiles 1
Building CXX object CMakeFiles/cmTryCompileExec1677223241.dir/CheckSymbolExists.cxx.o
/usr/bin/c++    -I/usr/include/qt4    -o CMakeFiles/cmTryCompileExec1677223241.dir/CheckSymbolExists.cxx.o -c /home/smith/Work/base-lsd-slam/lsd_slam_core/cmake/CMakeFiles/CMakeTmp/CheckSymbolExists.cxx
/home/smith/Work/base-lsd-slam/lsd_slam_core/cmake/CMakeFiles/CMakeTmp/CheckSymbolExists.cxx: In function ‘int main(int, char**)’:
/home/smith/Work/base-lsd-slam/lsd_slam_core/cmake/CMakeFiles/CMakeTmp/CheckSymbolExists.cxx:8:19: error: ‘Q_WS_QWS’ was not declared in this scope
   return ((int*)(&Q_WS_QWS))[argc];
                   ^
CMakeFiles/cmTryCompileExec1677223241.dir/build.make:57: recipe for target 'CMakeFiles/cmTryCompileExec1677223241.dir/CheckSymbolExists.cxx.o' failed
make[1]: Leaving directory '/home/smith/Work/base-lsd-slam/lsd_slam_core/cmake/CMakeFiles/CMakeTmp'
make[1]: *** [CMakeFiles/cmTryCompileExec1677223241.dir/CheckSymbolExists.cxx.o] Error 1
Makefile:118: recipe for target 'cmTryCompileExec1677223241/fast' failed
make: *** [cmTryCompileExec1677223241/fast] Error 2

File /home/smith/Work/base-lsd-slam/lsd_slam_core/cmake/CMakeFiles/CMakeTmp/CheckSymbolExists.cxx:
/* */
#include <QtCore/qglobal.h>

int main(int argc, char** argv)
{
  (void)argv;
#ifndef Q_WS_QWS
  return ((int*)(&Q_WS_QWS))[argc];
#else
  (void)argc;
  return 0;
#endif
}

Determining if the Q_WS_MAC exist failed with the following output:
Change Dir: /home/smith/Work/base-lsd-slam/lsd_slam_core/cmake/CMakeFiles/CMakeTmp

Run Build Command:"/usr/bin/make" "cmTryCompileExec2275964908/fast"
/usr/bin/make -f CMakeFiles/cmTryCompileExec2275964908.dir/build.make CMakeFiles/cmTryCompileExec2275964908.dir/build
make[1]: Entering directory '/home/smith/Work/base-lsd-slam/lsd_slam_core/cmake/CMakeFiles/CMakeTmp'
/usr/bin/cmake -E cmake_progress_report /home/smith/Work/base-lsd-slam/lsd_slam_core/cmake/CMakeFiles/CMakeTmp/CMakeFiles 1
Building CXX object CMakeFiles/cmTryCompileExec2275964908.dir/CheckSymbolExists.cxx.o
/usr/bin/c++    -I/usr/include/qt4    -o CMakeFiles/cmTryCompileExec2275964908.dir/CheckSymbolExists.cxx.o -c /home/smith/Work/base-lsd-slam/lsd_slam_core/cmake/CMakeFiles/CMakeTmp/CheckSymbolExists.cxx
/home/smith/Work/base-lsd-slam/lsd_slam_core/cmake/CMakeFiles/CMakeTmp/CheckSymbolExists.cxx: In function ‘int main(int, char**)’:
/home/smith/Work/base-lsd-slam/lsd_slam_core/cmake/CMakeFiles/CMakeTmp/CheckSymbolExists.cxx:8:19: error: ‘Q_WS_MAC’ was not declared in this scope
   return ((int*)(&Q_WS_MAC))[argc];
                   ^
CMakeFiles/cmTryCompileExec2275964908.dir/build.make:57: recipe for target 'CMakeFiles/cmTryCompileExec2275964908.dir/CheckSymbolExists.cxx.o' failed
make[1]: *** [CMakeFiles/cmTryCompileExec2275964908.dir/CheckSymbolExists.cxx.o] Error 1
make[1]: Leaving directory '/home/smith/Work/base-lsd-slam/lsd_slam_core/cmake/CMakeFiles/CMakeTmp'
Makefile:118: recipe for target 'cmTryCompileExec2275964908/fast' failed
make: *** [cmTryCompileExec2275964908/fast] Error 2

File /home/smith/Work/base-lsd-slam/lsd_slam_core/cmake/CMakeFiles/CMakeTmp/CheckSymbolExists.cxx:
/* */
#include <QtCore/qglobal.h>

int main(int argc, char** argv)
{
  (void)argv;
#ifndef Q_WS_MAC
  return ((int*)(&Q_WS_MAC))[argc];
#else
  (void)argc;
  return 0;
#endif
}

